<?xml version="1.0" encoding="UTF-8"?>
<!-- Generated by org.testng.reporters.JUnitReportReporter -->
<testsuite skipped="0" hostname="Home_Laptop" name="testcases.TestCase1" tests="1" failures="0" timestamp="13 Jan 2019 05:14:38 GMT" time="21.756" errors="0">
  <testcase name="ticket_Booking" time="21.756" classname="testcases.TestCase1"/>
</testsuite> <!-- testcases.TestCase1 -->
